<?xml version="1.0" encoding="UTF-8"?>
<testng-results ignored="0" total="1" passed="1" failed="0" skipped="0">
  <reporter-output>
  </reporter-output>
  <suite started-at="2024-02-27T12:23:54 IST" name="Default suite" finished-at="2024-02-27T12:23:55 IST" duration-ms="122">
    <groups>
    </groups>
    <test started-at="2024-02-27T12:23:54 IST" name="Default test" finished-at="2024-02-27T12:23:55 IST" duration-ms="122">
      <class name="demosamples.demotest">
        <test-method signature="f()[pri:0, instance:demosamples.demotest@1356d4d4]" started-at="2024-02-27T12:23:55 IST" name="f" finished-at="2024-02-27T12:23:55 IST" duration-ms="15" status="PASS">
          <reporter-output>
          </reporter-output>
        </test-method> <!-- f -->
      </class> <!-- demosamples.demotest -->
    </test> <!-- Default test -->
  </suite> <!-- Default suite -->
</testng-results>
